java.nio.file.NoSuchFileException: c:\Users\DHRUV JOSHI\OneDrive\Desktop\learning\javalearning\scala.scala
  java.base@17.0.6/sun.nio.fs.WindowsFileSystemProvider.newByteChannel(WindowsFileSystemProvider.java:236)
  java.base@17.0.6/java.nio.file.Files.newByteChannel(Files.java:380)
  java.base@17.0.6/java.nio.file.Files.newByteChannel(Files.java:432)
  java.base@17.0.6/java.nio.file.spi.FileSystemProvider.newInputStream(FileSystemProvider.java:422)
  java.base@17.0.6/java.nio.file.Files.newInputStream(Files.java:160)
  os.Path.getInputStream(Path.scala:628)
  os.read$inputStream$.apply(ReadWriteOps.scala:251)
  os.read$bytes$.apply(ReadWriteOps.scala:286)
  os.read$.apply(ReadWriteOps.scala:234)
  os.read$.apply(ReadWriteOps.scala:232)
  scala.build.input.Inputs.$anonfun$3(Inputs.scala:106)
  scala.collection.Iterator$$anon$10.nextCur(Iterator.scala:604)
  scala.collection.Iterator$$anon$10.hasNext(Iterator.scala:618)
  scala.collection.IterableOnceOps.foreach(IterableOnce.scala:630)
  scala.collection.IterableOnceOps.foreach$(IterableOnce.scala:628)
  scala.collection.AbstractIterator.foreach(Iterator.scala:1313)
  scala.build.input.Inputs.sourceHash(Inputs.scala:113)
  scala.build.bsp.BloopSession$.apply(BloopSession.scala:63)
  scala.build.bsp.BspImpl.bloopSession0$lzyINIT1$1(BspImpl.scala:445)
  scala.build.bsp.BspImpl.bloopSession0$1(BspImpl.scala:445)
  scala.build.bsp.BspImpl.newBloopSession(BspImpl.scala:447)
  scala.build.bsp.BspImpl.run(BspImpl.scala:465)
  scala.cli.commands.bsp.Bsp$.runCommand$$anonfun$1(Bsp.scala:184)
  scala.runtime.function.JProcedure1.apply(JProcedure1.java:15)
  scala.runtime.function.JProcedure1.apply(JProcedure1.java:10)
  scala.build.bsp.BspThreads$.withThreads(BspThreads.scala:23)
  scala.cli.commands.bsp.Bsp$.runCommand(Bsp.scala:173)
  scala.cli.commands.bsp.Bsp$.runCommand(Bsp.scala:75)
  scala.cli.commands.ScalaCommand.run(ScalaCommand.scala:400)
  scala.cli.commands.ScalaCommand.run(ScalaCommand.scala:381)
  caseapp.core.app.CaseApp.main(CaseApp.scala:166)
  scala.cli.commands.ScalaCommand.main(ScalaCommand.scala:366)
  caseapp.core.app.CommandsEntryPoint.main(CommandsEntryPoint.scala:370)
  scala.cli.ScalaCliCommands.main(ScalaCliCommands.scala:125)
  scala.cli.ScalaCli$.main0$$anonfun$1(ScalaCli.scala:338)
  scala.runtime.function.JProcedure1.apply(JProcedure1.java:15)
  scala.runtime.function.JProcedure1.apply(JProcedure1.java:10)
  scala.build.EitherCps$Helper.apply(EitherCps.scala:19)
  scala.cli.ScalaCli$.main0(ScalaCli.scala:239)
  scala.cli.ScalaCli$.main(ScalaCli.scala:123)
  scala.cli.ScalaCli.main(ScalaCli.scala)
